[0604/100748:INFO:exception_record.cc(518)] [QB]Process ID: 18732 Type: 2
[0604/100749:INFO:http_cache_transaction.cc(72)] IgnoreZeroCacheError: 0
[0604/152253:INFO:exception_record.cc(518)] [QB]Process ID: 23824 Type: 2
[0604/165305:INFO:exception_record.cc(518)] [QB]Process ID: 24884 Type: 2
[0604/165307:WARNING:webmediaplayer_impl.cc(341)] Using MultibufferDataSource
[0604/165411:WARNING:quota_manager.cc(1833)] Create directory failed for path
[0604/165411:WARNING:quota_manager.cc(1833)] Create directory failed for path
[0604/165411:WARNING:quota_manager.cc(1833)] Create directory failed for path
[0604/165411:WARNING:quota_manager.cc(1833)] Create directory failed for path
[0604/165412:INFO:exception_record.cc(518)] [QB]Process ID: 25288 Type: 2
[0604/165414:WARNING:quota_manager.cc(1833)] Create directory failed for path
[0604/165415:WARNING:quota_manager.cc(1833)] Create directory failed for path
[0604/165522:WARNING:webmediaplayer_impl.cc(341)] Using MultibufferDataSource
[0604/172411:WARNING:quota_manager.cc(1833)] Create directory failed for path
[0604/172412:WARNING:quota_manager.cc(1833)] Create directory failed for path
[0604/175412:WARNING:quota_manager.cc(1833)] Create directory failed for path
[0604/182412:WARNING:quota_manager.cc(1833)] Create directory failed for path
[0604/185412:WARNING:quota_manager.cc(1833)] Create directory failed for path
[0604/192412:WARNING:quota_manager.cc(1833)] Create directory failed for path
[0604/195412:WARNING:quota_manager.cc(1833)] Create directory failed for path
[0604/202412:WARNING:quota_manager.cc(1833)] Create directory failed for path
[0604/205413:WARNING:quota_manager.cc(1833)] Create directory failed for path
[0604/212413:WARNING:quota_manager.cc(1833)] Create directory failed for path
[0604/215413:WARNING:quota_manager.cc(1833)] Create directory failed for path
[0604/222413:WARNING:quota_manager.cc(1833)] Create directory failed for path
[0604/225413:WARNING:quota_manager.cc(1833)] Create directory failed for path
[0604/232413:WARNING:quota_manager.cc(1833)] Create directory failed for path
[0604/235413:WARNING:quota_manager.cc(1833)] Create directory failed for path
[0605/002413:WARNING:quota_manager.cc(1833)] Create directory failed for path
[0605/005413:WARNING:quota_manager.cc(1833)] Create directory failed for path
[0605/012413:WARNING:quota_manager.cc(1833)] Create directory failed for path
[0605/015413:WARNING:quota_manager.cc(1833)] Create directory failed for path
[0605/022413:WARNING:quota_manager.cc(1833)] Create directory failed for path
[0605/025413:WARNING:quota_manager.cc(1833)] Create directory failed for path
[0605/032413:WARNING:quota_manager.cc(1833)] Create directory failed for path
[0605/035413:WARNING:quota_manager.cc(1833)] Create directory failed for path
[0605/042413:WARNING:quota_manager.cc(1833)] Create directory failed for path
[0605/045413:WARNING:quota_manager.cc(1833)] Create directory failed for path
[0605/052413:WARNING:quota_manager.cc(1833)] Create directory failed for path
[0605/055413:WARNING:quota_manager.cc(1833)] Create directory failed for path
[0605/062413:WARNING:quota_manager.cc(1833)] Create directory failed for path
[0605/065413:WARNING:quota_manager.cc(1833)] Create directory failed for path
[0605/072413:WARNING:quota_manager.cc(1833)] Create directory failed for path
[0605/075413:WARNING:quota_manager.cc(1833)] Create directory failed for path
[0605/082414:WARNING:quota_manager.cc(1833)] Create directory failed for path
[0605/085414:WARNING:quota_manager.cc(1833)] Create directory failed for path
[0605/092414:WARNING:quota_manager.cc(1833)] Create directory failed for path
[0605/095414:WARNING:quota_manager.cc(1833)] Create directory failed for path
[0605/102414:WARNING:quota_manager.cc(1833)] Create directory failed for path
[0605/105414:WARNING:quota_manager.cc(1833)] Create directory failed for path
[0605/110048:INFO:exception_record.cc(518)] [QB]Process ID: 31756 Type: 2
[0605/112414:WARNING:quota_manager.cc(1833)] Create directory failed for path
[0605/115414:WARNING:quota_manager.cc(1833)] Create directory failed for path
[0605/122414:WARNING:quota_manager.cc(1833)] Create directory failed for path
[0605/125414:WARNING:quota_manager.cc(1833)] Create directory failed for path
[0605/132414:WARNING:quota_manager.cc(1833)] Create directory failed for path
[0605/135414:WARNING:quota_manager.cc(1833)] Create directory failed for path
[0605/142414:WARNING:quota_manager.cc(1833)] Create directory failed for path
[0605/145414:WARNING:quota_manager.cc(1833)] Create directory failed for path
[0605/152414:WARNING:quota_manager.cc(1833)] Create directory failed for path
[0605/155414:WARNING:quota_manager.cc(1833)] Create directory failed for path
[0605/162414:WARNING:quota_manager.cc(1833)] Create directory failed for path
[0605/165414:WARNING:quota_manager.cc(1833)] Create directory failed for path
[0605/172414:WARNING:quota_manager.cc(1833)] Create directory failed for path
[0605/175414:WARNING:quota_manager.cc(1833)] Create directory failed for path
[0605/182414:WARNING:quota_manager.cc(1833)] Create directory failed for path
[0605/185414:WARNING:quota_manager.cc(1833)] Create directory failed for path
[0605/192415:WARNING:quota_manager.cc(1833)] Create directory failed for path
[0605/195415:WARNING:quota_manager.cc(1833)] Create directory failed for path
[0605/202415:WARNING:quota_manager.cc(1833)] Create directory failed for path
[0605/205415:WARNING:quota_manager.cc(1833)] Create directory failed for path
[0605/212415:WARNING:quota_manager.cc(1833)] Create directory failed for path
[0605/215415:WARNING:quota_manager.cc(1833)] Create directory failed for path
[0605/222415:WARNING:quota_manager.cc(1833)] Create directory failed for path
[0605/225415:WARNING:quota_manager.cc(1833)] Create directory failed for path
[0605/232415:WARNING:quota_manager.cc(1833)] Create directory failed for path
[0605/235415:WARNING:quota_manager.cc(1833)] Create directory failed for path
[0606/002415:WARNING:quota_manager.cc(1833)] Create directory failed for path
[0606/005415:WARNING:quota_manager.cc(1833)] Create directory failed for path
[0606/012415:WARNING:quota_manager.cc(1833)] Create directory failed for path
[0606/015415:WARNING:quota_manager.cc(1833)] Create directory failed for path
[0606/022415:WARNING:quota_manager.cc(1833)] Create directory failed for path
[0606/025415:WARNING:quota_manager.cc(1833)] Create directory failed for path
[0606/032415:WARNING:quota_manager.cc(1833)] Create directory failed for path
[0606/035415:WARNING:quota_manager.cc(1833)] Create directory failed for path
[0606/042415:WARNING:quota_manager.cc(1833)] Create directory failed for path
[0606/045415:WARNING:quota_manager.cc(1833)] Create directory failed for path
[0606/052415:WARNING:quota_manager.cc(1833)] Create directory failed for path
[0606/055415:WARNING:quota_manager.cc(1833)] Create directory failed for path
[0606/062415:WARNING:quota_manager.cc(1833)] Create directory failed for path
[0606/065416:WARNING:quota_manager.cc(1833)] Create directory failed for path
[0606/072416:WARNING:quota_manager.cc(1833)] Create directory failed for path
[0606/075416:WARNING:quota_manager.cc(1833)] Create directory failed for path
[0606/082416:WARNING:quota_manager.cc(1833)] Create directory failed for path
[0606/085416:WARNING:quota_manager.cc(1833)] Create directory failed for path
[0606/092416:WARNING:quota_manager.cc(1833)] Create directory failed for path
[0606/095416:WARNING:quota_manager.cc(1833)] Create directory failed for path
[0606/102416:WARNING:quota_manager.cc(1833)] Create directory failed for path
[0606/105416:WARNING:quota_manager.cc(1833)] Create directory failed for path
[0606/112416:WARNING:quota_manager.cc(1833)] Create directory failed for path
[0606/115416:WARNING:quota_manager.cc(1833)] Create directory failed for path
[0606/122416:WARNING:quota_manager.cc(1833)] Create directory failed for path
[0606/125416:WARNING:quota_manager.cc(1833)] Create directory failed for path
[0606/132416:WARNING:quota_manager.cc(1833)] Create directory failed for path
[0606/135416:WARNING:quota_manager.cc(1833)] Create directory failed for path
[0606/142416:WARNING:quota_manager.cc(1833)] Create directory failed for path
[0606/145416:WARNING:quota_manager.cc(1833)] Create directory failed for path
[0606/152416:WARNING:quota_manager.cc(1833)] Create directory failed for path
[0606/155416:WARNING:quota_manager.cc(1833)] Create directory failed for path
[0606/162416:WARNING:quota_manager.cc(1833)] Create directory failed for path
[0606/165416:WARNING:quota_manager.cc(1833)] Create directory failed for path
[0606/172416:WARNING:quota_manager.cc(1833)] Create directory failed for path
[0606/175416:WARNING:quota_manager.cc(1833)] Create directory failed for path
[0606/182417:WARNING:quota_manager.cc(1833)] Create directory failed for path
[0606/185417:WARNING:quota_manager.cc(1833)] Create directory failed for path
[0606/192417:WARNING:quota_manager.cc(1833)] Create directory failed for path
[0606/195417:WARNING:quota_manager.cc(1833)] Create directory failed for path
[0606/202417:WARNING:quota_manager.cc(1833)] Create directory failed for path
[0606/205417:WARNING:quota_manager.cc(1833)] Create directory failed for path
[0606/212417:WARNING:quota_manager.cc(1833)] Create directory failed for path
[0606/215417:WARNING:quota_manager.cc(1833)] Create directory failed for path
[0606/222417:WARNING:quota_manager.cc(1833)] Create directory failed for path
[0606/225417:WARNING:quota_manager.cc(1833)] Create directory failed for path
[0606/232417:WARNING:quota_manager.cc(1833)] Create directory failed for path
[0606/235417:WARNING:quota_manager.cc(1833)] Create directory failed for path
[0607/002417:WARNING:quota_manager.cc(1833)] Create directory failed for path
[0607/005417:WARNING:quota_manager.cc(1833)] Create directory failed for path
[0607/012417:WARNING:quota_manager.cc(1833)] Create directory failed for path
[0607/015417:WARNING:quota_manager.cc(1833)] Create directory failed for path
[0607/022417:WARNING:quota_manager.cc(1833)] Create directory failed for path
[0607/025417:WARNING:quota_manager.cc(1833)] Create directory failed for path
[0607/032417:WARNING:quota_manager.cc(1833)] Create directory failed for path
[0607/035417:WARNING:quota_manager.cc(1833)] Create directory failed for path
[0607/042417:WARNING:quota_manager.cc(1833)] Create directory failed for path
[0607/045417:WARNING:quota_manager.cc(1833)] Create directory failed for path
[0607/052417:WARNING:quota_manager.cc(1833)] Create directory failed for path
[0607/055418:WARNING:quota_manager.cc(1833)] Create directory failed for path
[0607/062418:WARNING:quota_manager.cc(1833)] Create directory failed for path
[0607/065418:WARNING:quota_manager.cc(1833)] Create directory failed for path
[0607/072418:WARNING:quota_manager.cc(1833)] Create directory failed for path
[0607/075418:WARNING:quota_manager.cc(1833)] Create directory failed for path
[0607/082418:WARNING:quota_manager.cc(1833)] Create directory failed for path
[0607/085418:WARNING:quota_manager.cc(1833)] Create directory failed for path
[0607/092418:WARNING:quota_manager.cc(1833)] Create directory failed for path
[0607/095418:WARNING:quota_manager.cc(1833)] Create directory failed for path
[0607/102418:WARNING:quota_manager.cc(1833)] Create directory failed for path
[0607/105418:WARNING:quota_manager.cc(1833)] Create directory failed for path
[0607/112418:WARNING:quota_manager.cc(1833)] Create directory failed for path
[0607/115418:WARNING:quota_manager.cc(1833)] Create directory failed for path
[0607/122418:WARNING:quota_manager.cc(1833)] Create directory failed for path
[0607/125418:WARNING:quota_manager.cc(1833)] Create directory failed for path
[0607/132418:WARNING:quota_manager.cc(1833)] Create directory failed for path
[0607/135418:WARNING:quota_manager.cc(1833)] Create directory failed for path
[0607/142418:WARNING:quota_manager.cc(1833)] Create directory failed for path
[0607/145418:WARNING:quota_manager.cc(1833)] Create directory failed for path
[0607/152418:WARNING:quota_manager.cc(1833)] Create directory failed for path
[0607/155418:WARNING:quota_manager.cc(1833)] Create directory failed for path
[0607/162418:WARNING:quota_manager.cc(1833)] Create directory failed for path
[0607/165418:WARNING:quota_manager.cc(1833)] Create directory failed for path
[0607/172419:WARNING:quota_manager.cc(1833)] Create directory failed for path
[0607/175419:WARNING:quota_manager.cc(1833)] Create directory failed for path
[0607/182419:WARNING:quota_manager.cc(1833)] Create directory failed for path
[0607/185419:WARNING:quota_manager.cc(1833)] Create directory failed for path
[0607/192419:WARNING:quota_manager.cc(1833)] Create directory failed for path
[0607/195419:WARNING:quota_manager.cc(1833)] Create directory failed for path
[0607/202419:WARNING:quota_manager.cc(1833)] Create directory failed for path
[0607/205419:WARNING:quota_manager.cc(1833)] Create directory failed for path
[0607/212419:WARNING:quota_manager.cc(1833)] Create directory failed for path
[0607/215419:WARNING:quota_manager.cc(1833)] Create directory failed for path
[0607/222419:WARNING:quota_manager.cc(1833)] Create directory failed for path
[0607/225419:WARNING:quota_manager.cc(1833)] Create directory failed for path
[0607/232419:WARNING:quota_manager.cc(1833)] Create directory failed for path
[0607/235419:WARNING:quota_manager.cc(1833)] Create directory failed for path
[0608/002419:WARNING:quota_manager.cc(1833)] Create directory failed for path
[0608/005419:WARNING:quota_manager.cc(1833)] Create directory failed for path
[0608/012419:WARNING:quota_manager.cc(1833)] Create directory failed for path
[0608/015419:WARNING:quota_manager.cc(1833)] Create directory failed for path
[0608/022419:WARNING:quota_manager.cc(1833)] Create directory failed for path
[0608/025419:WARNING:quota_manager.cc(1833)] Create directory failed for path
[0608/032419:WARNING:quota_manager.cc(1833)] Create directory failed for path
[0608/035419:WARNING:quota_manager.cc(1833)] Create directory failed for path
[0608/042419:WARNING:quota_manager.cc(1833)] Create directory failed for path
[0608/045420:WARNING:quota_manager.cc(1833)] Create directory failed for path
[0608/052420:WARNING:quota_manager.cc(1833)] Create directory failed for path
[0608/055420:WARNING:quota_manager.cc(1833)] Create directory failed for path
[0608/062420:WARNING:quota_manager.cc(1833)] Create directory failed for path
[0608/065420:WARNING:quota_manager.cc(1833)] Create directory failed for path
[0608/072420:WARNING:quota_manager.cc(1833)] Create directory failed for path
[0608/075420:WARNING:quota_manager.cc(1833)] Create directory failed for path
[0608/082420:WARNING:quota_manager.cc(1833)] Create directory failed for path
[0608/085420:WARNING:quota_manager.cc(1833)] Create directory failed for path
[0608/092420:WARNING:quota_manager.cc(1833)] Create directory failed for path
[0608/095420:WARNING:quota_manager.cc(1833)] Create directory failed for path
[0608/102420:WARNING:quota_manager.cc(1833)] Create directory failed for path
[0608/105420:WARNING:quota_manager.cc(1833)] Create directory failed for path
[0608/112420:WARNING:quota_manager.cc(1833)] Create directory failed for path
[0608/115420:WARNING:quota_manager.cc(1833)] Create directory failed for path
[0608/122420:WARNING:quota_manager.cc(1833)] Create directory failed for path
[0608/125420:WARNING:quota_manager.cc(1833)] Create directory failed for path
[0608/132420:WARNING:quota_manager.cc(1833)] Create directory failed for path
[0608/135420:WARNING:quota_manager.cc(1833)] Create directory failed for path
[0608/142420:WARNING:quota_manager.cc(1833)] Create directory failed for path
[0608/145420:WARNING:quota_manager.cc(1833)] Create directory failed for path
[0608/152420:WARNING:quota_manager.cc(1833)] Create directory failed for path
[0608/155420:WARNING:quota_manager.cc(1833)] Create directory failed for path
[0608/162421:WARNING:quota_manager.cc(1833)] Create directory failed for path
[0608/165421:WARNING:quota_manager.cc(1833)] Create directory failed for path
[0608/172421:WARNING:quota_manager.cc(1833)] Create directory failed for path
[0608/175421:WARNING:quota_manager.cc(1833)] Create directory failed for path
[0608/182421:WARNING:quota_manager.cc(1833)] Create directory failed for path
[0608/185421:WARNING:quota_manager.cc(1833)] Create directory failed for path
[0608/192421:WARNING:quota_manager.cc(1833)] Create directory failed for path
[0608/195421:WARNING:quota_manager.cc(1833)] Create directory failed for path
[0608/202421:WARNING:quota_manager.cc(1833)] Create directory failed for path
[0608/205421:WARNING:quota_manager.cc(1833)] Create directory failed for path
[0608/212421:WARNING:quota_manager.cc(1833)] Create directory failed for path
[0608/215421:WARNING:quota_manager.cc(1833)] Create directory failed for path
[0608/222421:WARNING:quota_manager.cc(1833)] Create directory failed for path
[0608/225421:WARNING:quota_manager.cc(1833)] Create directory failed for path
[0608/232421:WARNING:quota_manager.cc(1833)] Create directory failed for path
[0608/235421:WARNING:quota_manager.cc(1833)] Create directory failed for path
[0609/002421:WARNING:quota_manager.cc(1833)] Create directory failed for path
[0609/005421:WARNING:quota_manager.cc(1833)] Create directory failed for path
[0609/012421:WARNING:quota_manager.cc(1833)] Create directory failed for path
[0609/015421:WARNING:quota_manager.cc(1833)] Create directory failed for path
[0609/022421:WARNING:quota_manager.cc(1833)] Create directory failed for path
[0609/025421:WARNING:quota_manager.cc(1833)] Create directory failed for path
[0609/032421:WARNING:quota_manager.cc(1833)] Create directory failed for path
[0609/035422:WARNING:quota_manager.cc(1833)] Create directory failed for path
[0609/042422:WARNING:quota_manager.cc(1833)] Create directory failed for path
[0609/045422:WARNING:quota_manager.cc(1833)] Create directory failed for path
[0609/052422:WARNING:quota_manager.cc(1833)] Create directory failed for path
[0609/055422:WARNING:quota_manager.cc(1833)] Create directory failed for path
[0609/062422:WARNING:quota_manager.cc(1833)] Create directory failed for path
[0609/065422:WARNING:quota_manager.cc(1833)] Create directory failed for path
[0609/072422:WARNING:quota_manager.cc(1833)] Create directory failed for path
[0609/075422:WARNING:quota_manager.cc(1833)] Create directory failed for path
[0609/082422:WARNING:quota_manager.cc(1833)] Create directory failed for path
[0609/085422:WARNING:quota_manager.cc(1833)] Create directory failed for path
[0609/092422:WARNING:quota_manager.cc(1833)] Create directory failed for path
[0609/095422:WARNING:quota_manager.cc(1833)] Create directory failed for path
[0609/102422:WARNING:quota_manager.cc(1833)] Create directory failed for path
[0609/105422:WARNING:quota_manager.cc(1833)] Create directory failed for path
[0609/112422:WARNING:quota_manager.cc(1833)] Create directory failed for path
[0609/115422:WARNING:quota_manager.cc(1833)] Create directory failed for path
[0609/122422:WARNING:quota_manager.cc(1833)] Create directory failed for path
[0609/125422:WARNING:quota_manager.cc(1833)] Create directory failed for path
[0609/132422:WARNING:quota_manager.cc(1833)] Create directory failed for path
[0609/135422:WARNING:quota_manager.cc(1833)] Create directory failed for path
[0609/142422:WARNING:quota_manager.cc(1833)] Create directory failed for path
[0609/145422:WARNING:quota_manager.cc(1833)] Create directory failed for path
[0609/152423:WARNING:quota_manager.cc(1833)] Create directory failed for path
[0609/155423:WARNING:quota_manager.cc(1833)] Create directory failed for path
[0609/162423:WARNING:quota_manager.cc(1833)] Create directory failed for path
[0609/165423:WARNING:quota_manager.cc(1833)] Create directory failed for path
[0609/172423:WARNING:quota_manager.cc(1833)] Create directory failed for path
[0609/175423:WARNING:quota_manager.cc(1833)] Create directory failed for path
[0609/182423:WARNING:quota_manager.cc(1833)] Create directory failed for path
[0609/185423:WARNING:quota_manager.cc(1833)] Create directory failed for path
[0609/192423:WARNING:quota_manager.cc(1833)] Create directory failed for path
[0609/195423:WARNING:quota_manager.cc(1833)] Create directory failed for path
[0609/202423:WARNING:quota_manager.cc(1833)] Create directory failed for path
[0609/205423:WARNING:quota_manager.cc(1833)] Create directory failed for path
[0609/212423:WARNING:quota_manager.cc(1833)] Create directory failed for path
[0609/215423:WARNING:quota_manager.cc(1833)] Create directory failed for path
[0609/222423:WARNING:quota_manager.cc(1833)] Create directory failed for path
[0609/225423:WARNING:quota_manager.cc(1833)] Create directory failed for path
[0609/232423:WARNING:quota_manager.cc(1833)] Create directory failed for path
[0609/235423:WARNING:quota_manager.cc(1833)] Create directory failed for path
[0610/002423:WARNING:quota_manager.cc(1833)] Create directory failed for path
[0610/005423:WARNING:quota_manager.cc(1833)] Create directory failed for path
[0610/012423:WARNING:quota_manager.cc(1833)] Create directory failed for path
[0610/015423:WARNING:quota_manager.cc(1833)] Create directory failed for path
[0610/022423:WARNING:quota_manager.cc(1833)] Create directory failed for path
[0610/025424:WARNING:quota_manager.cc(1833)] Create directory failed for path
[0610/032424:WARNING:quota_manager.cc(1833)] Create directory failed for path
[0610/035424:WARNING:quota_manager.cc(1833)] Create directory failed for path
[0610/042424:WARNING:quota_manager.cc(1833)] Create directory failed for path
[0610/045424:WARNING:quota_manager.cc(1833)] Create directory failed for path
[0610/052424:WARNING:quota_manager.cc(1833)] Create directory failed for path
[0610/055424:WARNING:quota_manager.cc(1833)] Create directory failed for path
[0610/062424:WARNING:quota_manager.cc(1833)] Create directory failed for path
[0610/065424:WARNING:quota_manager.cc(1833)] Create directory failed for path
[0610/072424:WARNING:quota_manager.cc(1833)] Create directory failed for path
[0610/075424:WARNING:quota_manager.cc(1833)] Create directory failed for path
[0610/082424:WARNING:quota_manager.cc(1833)] Create directory failed for path
[0610/085424:WARNING:quota_manager.cc(1833)] Create directory failed for path
[0610/092424:WARNING:quota_manager.cc(1833)] Create directory failed for path
[0610/094625:WARNING:dns_config_service_win.cc(674)] Failed to read DnsConfig.
[0610/094630:WARNING:dns_config_service_win.cc(674)] Failed to read DnsConfig.
[0610/094635:WARNING:dns_config_service_win.cc(674)] Failed to read DnsConfig.
[0610/094640:WARNING:dns_config_service_win.cc(674)] Failed to read DnsConfig.
[0610/094645:WARNING:dns_config_service_win.cc(674)] Failed to read DnsConfig.
[0610/094650:WARNING:dns_config_service_win.cc(674)] Failed to read DnsConfig.
[0610/094655:WARNING:dns_config_service_win.cc(674)] Failed to read DnsConfig.
[0610/094851:ERROR:tcp_socket_win.cc(806)] connect failed: 10055
[0610/094851:WARNING:net_errors_win.cc(119)] Unknown error 10055 mapped to net::ERR_FAILED
[0610/094930:WARNING:dns_config_service_win.cc(674)] Failed to read DnsConfig.
[0610/095424:WARNING:quota_manager.cc(1833)] Create directory failed for path
[0610/095610:WARNING:dns_config_service_win.cc(674)] Failed to read DnsConfig.
[0610/095611:WARNING:dns_config_service_win.cc(674)] Failed to read DnsConfig.
[0614/110732:WARNING:quota_manager.cc(1833)] Create directory failed for path
[0614/113732:WARNING:quota_manager.cc(1833)] Create directory failed for path
[0614/120732:WARNING:quota_manager.cc(1833)] Create directory failed for path
[0614/120852:INFO:exception_record.cc(518)] [QB]Process ID: 54748 Type: 2
[0614/123732:WARNING:quota_manager.cc(1833)] Create directory failed for path
[0614/130732:WARNING:quota_manager.cc(1833)] Create directory failed for path
[0614/133551:INFO:exception_record.cc(518)] [QB]Process ID: 56844 Type: 2
[0614/133732:WARNING:quota_manager.cc(1833)] Create directory failed for path
[0614/140732:WARNING:quota_manager.cc(1833)] Create directory failed for path
[0614/143732:WARNING:quota_manager.cc(1833)] Create directory failed for path
[0614/150732:WARNING:quota_manager.cc(1833)] Create directory failed for path
[0614/153732:WARNING:quota_manager.cc(1833)] Create directory failed for path
[0614/160732:WARNING:quota_manager.cc(1833)] Create directory failed for path
[0614/163732:WARNING:quota_manager.cc(1833)] Create directory failed for path
[0614/170732:WARNING:quota_manager.cc(1833)] Create directory failed for path
[0614/173732:WARNING:quota_manager.cc(1833)] Create directory failed for path
[0614/180732:WARNING:quota_manager.cc(1833)] Create directory failed for path
[0614/183732:WARNING:quota_manager.cc(1833)] Create directory failed for path
[0614/190732:WARNING:quota_manager.cc(1833)] Create directory failed for path
[0614/193732:WARNING:quota_manager.cc(1833)] Create directory failed for path
[0614/200733:WARNING:quota_manager.cc(1833)] Create directory failed for path
[0614/203733:WARNING:quota_manager.cc(1833)] Create directory failed for path
[0614/210733:WARNING:quota_manager.cc(1833)] Create directory failed for path
[0614/213733:WARNING:quota_manager.cc(1833)] Create directory failed for path
[0614/220733:WARNING:quota_manager.cc(1833)] Create directory failed for path
[0614/223733:WARNING:quota_manager.cc(1833)] Create directory failed for path
[0614/230733:WARNING:quota_manager.cc(1833)] Create directory failed for path
[0614/233733:WARNING:quota_manager.cc(1833)] Create directory failed for path
[0615/000733:WARNING:quota_manager.cc(1833)] Create directory failed for path
[0615/003733:WARNING:quota_manager.cc(1833)] Create directory failed for path
[0615/010733:WARNING:quota_manager.cc(1833)] Create directory failed for path
[0615/013733:WARNING:quota_manager.cc(1833)] Create directory failed for path
[0615/020733:WARNING:quota_manager.cc(1833)] Create directory failed for path
[0615/023733:WARNING:quota_manager.cc(1833)] Create directory failed for path
[0615/030733:WARNING:quota_manager.cc(1833)] Create directory failed for path
[0615/033733:WARNING:quota_manager.cc(1833)] Create directory failed for path
[0615/040733:WARNING:quota_manager.cc(1833)] Create directory failed for path
[0615/043733:WARNING:quota_manager.cc(1833)] Create directory failed for path
[0615/050733:WARNING:quota_manager.cc(1833)] Create directory failed for path
[0615/053733:WARNING:quota_manager.cc(1833)] Create directory failed for path
[0615/060733:WARNING:quota_manager.cc(1833)] Create directory failed for path
[0615/063733:WARNING:quota_manager.cc(1833)] Create directory failed for path
[0615/070733:WARNING:quota_manager.cc(1833)] Create directory failed for path
[0615/073734:WARNING:quota_manager.cc(1833)] Create directory failed for path
[0615/080734:WARNING:quota_manager.cc(1833)] Create directory failed for path
[0615/083734:WARNING:quota_manager.cc(1833)] Create directory failed for path
[0615/090734:WARNING:quota_manager.cc(1833)] Create directory failed for path
[0615/093734:WARNING:quota_manager.cc(1833)] Create directory failed for path
[0615/100734:WARNING:quota_manager.cc(1833)] Create directory failed for path
[0615/103734:WARNING:quota_manager.cc(1833)] Create directory failed for path
[0615/110734:WARNING:quota_manager.cc(1833)] Create directory failed for path
[0615/113734:WARNING:quota_manager.cc(1833)] Create directory failed for path
[0615/120734:WARNING:quota_manager.cc(1833)] Create directory failed for path
[0615/123734:WARNING:quota_manager.cc(1833)] Create directory failed for path
[0615/130734:WARNING:quota_manager.cc(1833)] Create directory failed for path
[0615/133734:WARNING:quota_manager.cc(1833)] Create directory failed for path
[0615/140734:WARNING:quota_manager.cc(1833)] Create directory failed for path
[0615/143734:WARNING:quota_manager.cc(1833)] Create directory failed for path
[0615/150734:WARNING:quota_manager.cc(1833)] Create directory failed for path
[0615/153734:WARNING:quota_manager.cc(1833)] Create directory failed for path
[0615/160734:WARNING:quota_manager.cc(1833)] Create directory failed for path
[0615/163734:WARNING:quota_manager.cc(1833)] Create directory failed for path
[0615/170734:WARNING:quota_manager.cc(1833)] Create directory failed for path
[0615/173734:WARNING:quota_manager.cc(1833)] Create directory failed for path
[0615/180734:WARNING:quota_manager.cc(1833)] Create directory failed for path
[0615/183735:WARNING:quota_manager.cc(1833)] Create directory failed for path
[0615/190735:WARNING:quota_manager.cc(1833)] Create directory failed for path
[0615/193735:WARNING:quota_manager.cc(1833)] Create directory failed for path
[0615/200735:WARNING:quota_manager.cc(1833)] Create directory failed for path
[0615/203735:WARNING:quota_manager.cc(1833)] Create directory failed for path
[0615/210735:WARNING:quota_manager.cc(1833)] Create directory failed for path
[0615/213735:WARNING:quota_manager.cc(1833)] Create directory failed for path
[0615/220735:WARNING:quota_manager.cc(1833)] Create directory failed for path
[0615/223735:WARNING:quota_manager.cc(1833)] Create directory failed for path
[0615/230735:WARNING:quota_manager.cc(1833)] Create directory failed for path
[0615/233735:WARNING:quota_manager.cc(1833)] Create directory failed for path
[0616/000735:WARNING:quota_manager.cc(1833)] Create directory failed for path
[0616/003735:WARNING:quota_manager.cc(1833)] Create directory failed for path
[0616/010735:WARNING:quota_manager.cc(1833)] Create directory failed for path
[0616/013735:WARNING:quota_manager.cc(1833)] Create directory failed for path
[0616/020735:WARNING:quota_manager.cc(1833)] Create directory failed for path
[0616/023735:WARNING:quota_manager.cc(1833)] Create directory failed for path
[0616/030735:WARNING:quota_manager.cc(1833)] Create directory failed for path
[0616/033735:WARNING:quota_manager.cc(1833)] Create directory failed for path
[0616/040735:WARNING:quota_manager.cc(1833)] Create directory failed for path
[0616/043735:WARNING:quota_manager.cc(1833)] Create directory failed for path
[0616/050735:WARNING:quota_manager.cc(1833)] Create directory failed for path
[0616/053735:WARNING:quota_manager.cc(1833)] Create directory failed for path
[0616/060736:WARNING:quota_manager.cc(1833)] Create directory failed for path
[0616/063736:WARNING:quota_manager.cc(1833)] Create directory failed for path
[0616/070736:WARNING:quota_manager.cc(1833)] Create directory failed for path
[0616/073736:WARNING:quota_manager.cc(1833)] Create directory failed for path
[0616/080736:WARNING:quota_manager.cc(1833)] Create directory failed for path
[0616/083736:WARNING:quota_manager.cc(1833)] Create directory failed for path
[0616/090736:WARNING:quota_manager.cc(1833)] Create directory failed for path
[0616/093736:WARNING:quota_manager.cc(1833)] Create directory failed for path
[0616/100736:WARNING:quota_manager.cc(1833)] Create directory failed for path
[0616/103736:WARNING:quota_manager.cc(1833)] Create directory failed for path
[0616/110736:WARNING:quota_manager.cc(1833)] Create directory failed for path
[0616/113736:WARNING:quota_manager.cc(1833)] Create directory failed for path
[0616/120736:WARNING:quota_manager.cc(1833)] Create directory failed for path
[0616/123736:WARNING:quota_manager.cc(1833)] Create directory failed for path
[0616/130736:WARNING:quota_manager.cc(1833)] Create directory failed for path
[0616/133736:WARNING:quota_manager.cc(1833)] Create directory failed for path
[0616/140736:WARNING:quota_manager.cc(1833)] Create directory failed for path
[0616/143736:WARNING:quota_manager.cc(1833)] Create directory failed for path
[0616/150736:WARNING:quota_manager.cc(1833)] Create directory failed for path
[0616/153736:WARNING:quota_manager.cc(1833)] Create directory failed for path
[0616/160736:WARNING:quota_manager.cc(1833)] Create directory failed for path
[0616/163736:WARNING:quota_manager.cc(1833)] Create directory failed for path
[0616/170736:WARNING:quota_manager.cc(1833)] Create directory failed for path
[0616/173737:WARNING:quota_manager.cc(1833)] Create directory failed for path
[0616/180737:WARNING:quota_manager.cc(1833)] Create directory failed for path
[0616/183737:WARNING:quota_manager.cc(1833)] Create directory failed for path
[0616/190737:WARNING:quota_manager.cc(1833)] Create directory failed for path
[0616/193737:WARNING:quota_manager.cc(1833)] Create directory failed for path
[0616/200737:WARNING:quota_manager.cc(1833)] Create directory failed for path
[0616/203737:WARNING:quota_manager.cc(1833)] Create directory failed for path
[0616/210737:WARNING:quota_manager.cc(1833)] Create directory failed for path
[0616/213737:WARNING:quota_manager.cc(1833)] Create directory failed for path
[0616/214504:ERROR:tcp_socket_win.cc(806)] connect failed: 10055
[0616/214504:WARNING:net_errors_win.cc(119)] Unknown error 10055 mapped to net::ERR_FAILED
[0616/220737:WARNING:quota_manager.cc(1833)] Create directory failed for path
[0616/221504:ERROR:tcp_socket_win.cc(806)] connect failed: 10055
[0616/221504:WARNING:net_errors_win.cc(119)] Unknown error 10055 mapped to net::ERR_FAILED
[0616/223737:WARNING:quota_manager.cc(1833)] Create directory failed for path
[0616/224504:ERROR:tcp_socket_win.cc(806)] connect failed: 10055
[0616/224504:WARNING:net_errors_win.cc(119)] Unknown error 10055 mapped to net::ERR_FAILED
[0616/230737:WARNING:quota_manager.cc(1833)] Create directory failed for path
[0616/231504:ERROR:tcp_socket_win.cc(806)] connect failed: 10055
[0616/231504:WARNING:net_errors_win.cc(119)] Unknown error 10055 mapped to net::ERR_FAILED
[0616/233737:WARNING:quota_manager.cc(1833)] Create directory failed for path
[0616/234505:ERROR:tcp_socket_win.cc(806)] connect failed: 10055
[0616/234505:WARNING:net_errors_win.cc(119)] Unknown error 10055 mapped to net::ERR_FAILED
[0617/000737:WARNING:quota_manager.cc(1833)] Create directory failed for path
[0617/001505:ERROR:tcp_socket_win.cc(806)] connect failed: 10055
[0617/001505:WARNING:net_errors_win.cc(119)] Unknown error 10055 mapped to net::ERR_FAILED
[0617/003737:WARNING:quota_manager.cc(1833)] Create directory failed for path
[0617/004505:ERROR:tcp_socket_win.cc(806)] connect failed: 10055
[0617/004505:WARNING:net_errors_win.cc(119)] Unknown error 10055 mapped to net::ERR_FAILED
[0617/010737:WARNING:quota_manager.cc(1833)] Create directory failed for path
[0617/011511:ERROR:tcp_socket_win.cc(806)] connect failed: 10055
[0617/011511:WARNING:net_errors_win.cc(119)] Unknown error 10055 mapped to net::ERR_FAILED
[0617/013737:WARNING:quota_manager.cc(1833)] Create directory failed for path
[0617/014505:ERROR:tcp_socket_win.cc(806)] connect failed: 10055
[0617/014505:WARNING:net_errors_win.cc(119)] Unknown error 10055 mapped to net::ERR_FAILED
[0617/020737:WARNING:quota_manager.cc(1833)] Create directory failed for path
[0617/021505:ERROR:tcp_socket_win.cc(806)] connect failed: 10055
[0617/021505:WARNING:net_errors_win.cc(119)] Unknown error 10055 mapped to net::ERR_FAILED
[0617/023737:WARNING:quota_manager.cc(1833)] Create directory failed for path
[0617/024505:ERROR:tcp_socket_win.cc(806)] connect failed: 10055
[0617/024505:WARNING:net_errors_win.cc(119)] Unknown error 10055 mapped to net::ERR_FAILED
[0617/030737:WARNING:quota_manager.cc(1833)] Create directory failed for path
[0617/031505:ERROR:tcp_socket_win.cc(806)] connect failed: 10055
[0617/031505:WARNING:net_errors_win.cc(119)] Unknown error 10055 mapped to net::ERR_FAILED
[0617/033737:WARNING:quota_manager.cc(1833)] Create directory failed for path
[0617/034506:ERROR:tcp_socket_win.cc(806)] connect failed: 10055
[0617/034506:WARNING:net_errors_win.cc(119)] Unknown error 10055 mapped to net::ERR_FAILED
[0617/040737:WARNING:quota_manager.cc(1833)] Create directory failed for path
[0617/041506:ERROR:tcp_socket_win.cc(806)] connect failed: 10055
[0617/041506:WARNING:net_errors_win.cc(119)] Unknown error 10055 mapped to net::ERR_FAILED
[0617/043737:WARNING:quota_manager.cc(1833)] Create directory failed for path
[0617/044506:ERROR:tcp_socket_win.cc(806)] connect failed: 10055
[0617/044506:WARNING:net_errors_win.cc(119)] Unknown error 10055 mapped to net::ERR_FAILED
[0617/050738:WARNING:quota_manager.cc(1833)] Create directory failed for path
[0617/051506:ERROR:tcp_socket_win.cc(806)] connect failed: 10055
[0617/051506:WARNING:net_errors_win.cc(119)] Unknown error 10055 mapped to net::ERR_FAILED
[0617/053738:WARNING:quota_manager.cc(1833)] Create directory failed for path
[0617/054506:ERROR:tcp_socket_win.cc(806)] connect failed: 10055
[0617/054506:WARNING:net_errors_win.cc(119)] Unknown error 10055 mapped to net::ERR_FAILED
[0617/060738:WARNING:quota_manager.cc(1833)] Create directory failed for path
[0617/061506:ERROR:tcp_socket_win.cc(806)] connect failed: 10055
[0617/061506:WARNING:net_errors_win.cc(119)] Unknown error 10055 mapped to net::ERR_FAILED
[0617/063738:WARNING:quota_manager.cc(1833)] Create directory failed for path
[0617/064506:ERROR:tcp_socket_win.cc(806)] connect failed: 10055
[0617/064506:WARNING:net_errors_win.cc(119)] Unknown error 10055 mapped to net::ERR_FAILED
[0617/070738:WARNING:quota_manager.cc(1833)] Create directory failed for path
[0617/071506:ERROR:tcp_socket_win.cc(806)] connect failed: 10055
[0617/071506:WARNING:net_errors_win.cc(119)] Unknown error 10055 mapped to net::ERR_FAILED
[0617/073738:WARNING:quota_manager.cc(1833)] Create directory failed for path
[0617/074507:ERROR:tcp_socket_win.cc(806)] connect failed: 10055
[0617/074507:WARNING:net_errors_win.cc(119)] Unknown error 10055 mapped to net::ERR_FAILED
[0617/080738:WARNING:quota_manager.cc(1833)] Create directory failed for path
[0617/081507:ERROR:tcp_socket_win.cc(806)] connect failed: 10055
[0617/081507:WARNING:net_errors_win.cc(119)] Unknown error 10055 mapped to net::ERR_FAILED
[0617/083738:WARNING:quota_manager.cc(1833)] Create directory failed for path
[0617/084507:ERROR:tcp_socket_win.cc(806)] connect failed: 10055
[0617/084507:WARNING:net_errors_win.cc(119)] Unknown error 10055 mapped to net::ERR_FAILED
[0617/090738:WARNING:quota_manager.cc(1833)] Create directory failed for path
[0617/091507:ERROR:tcp_socket_win.cc(806)] connect failed: 10055
[0617/091507:WARNING:net_errors_win.cc(119)] Unknown error 10055 mapped to net::ERR_FAILED
[0617/093738:WARNING:quota_manager.cc(1833)] Create directory failed for path
[0617/094507:ERROR:tcp_socket_win.cc(806)] connect failed: 10055
[0617/094507:WARNING:net_errors_win.cc(119)] Unknown error 10055 mapped to net::ERR_FAILED
[0617/100738:WARNING:quota_manager.cc(1833)] Create directory failed for path
[0617/101507:ERROR:tcp_socket_win.cc(806)] connect failed: 10055
[0617/101507:WARNING:net_errors_win.cc(119)] Unknown error 10055 mapped to net::ERR_FAILED
[0626/120749:WARNING:quota_manager.cc(1833)] Create directory failed for path
[0626/123749:WARNING:quota_manager.cc(1833)] Create directory failed for path
[0626/130749:WARNING:quota_manager.cc(1833)] Create directory failed for path
[0626/133749:WARNING:quota_manager.cc(1833)] Create directory failed for path
[0626/140749:WARNING:quota_manager.cc(1833)] Create directory failed for path
[0626/143749:WARNING:quota_manager.cc(1833)] Create directory failed for path
[0626/150749:WARNING:quota_manager.cc(1833)] Create directory failed for path
[0626/153749:WARNING:quota_manager.cc(1833)] Create directory failed for path
[0626/160749:WARNING:quota_manager.cc(1833)] Create directory failed for path
[0626/163749:WARNING:quota_manager.cc(1833)] Create directory failed for path
[0626/170749:WARNING:quota_manager.cc(1833)] Create directory failed for path
[0626/173749:WARNING:quota_manager.cc(1833)] Create directory failed for path
[0626/180749:WARNING:quota_manager.cc(1833)] Create directory failed for path
[0626/183749:WARNING:quota_manager.cc(1833)] Create directory failed for path
[0626/190749:WARNING:quota_manager.cc(1833)] Create directory failed for path
[0626/193749:WARNING:quota_manager.cc(1833)] Create directory failed for path
[0626/200749:WARNING:quota_manager.cc(1833)] Create directory failed for path
[0626/203750:WARNING:quota_manager.cc(1833)] Create directory failed for path
[0626/210750:WARNING:quota_manager.cc(1833)] Create directory failed for path
[0626/213750:WARNING:quota_manager.cc(1833)] Create directory failed for path
[0626/220750:WARNING:quota_manager.cc(1833)] Create directory failed for path
[0626/223750:WARNING:quota_manager.cc(1833)] Create directory failed for path
[0626/230750:WARNING:quota_manager.cc(1833)] Create directory failed for path
[0626/233750:WARNING:quota_manager.cc(1833)] Create directory failed for path
[0627/000750:WARNING:quota_manager.cc(1833)] Create directory failed for path
[0627/003750:WARNING:quota_manager.cc(1833)] Create directory failed for path
[0627/010750:WARNING:quota_manager.cc(1833)] Create directory failed for path
[0627/013750:WARNING:quota_manager.cc(1833)] Create directory failed for path
[0627/020750:WARNING:quota_manager.cc(1833)] Create directory failed for path
[0627/023750:WARNING:quota_manager.cc(1833)] Create directory failed for path
[0627/030750:WARNING:quota_manager.cc(1833)] Create directory failed for path
[0627/033750:WARNING:quota_manager.cc(1833)] Create directory failed for path
[0627/040750:WARNING:quota_manager.cc(1833)] Create directory failed for path
[0627/043750:WARNING:quota_manager.cc(1833)] Create directory failed for path
[0627/050750:WARNING:quota_manager.cc(1833)] Create directory failed for path
[0627/053750:WARNING:quota_manager.cc(1833)] Create directory failed for path
[0627/060750:WARNING:quota_manager.cc(1833)] Create directory failed for path
[0627/063750:WARNING:quota_manager.cc(1833)] Create directory failed for path
[0627/070750:WARNING:quota_manager.cc(1833)] Create directory failed for path
[0627/073751:WARNING:quota_manager.cc(1833)] Create directory failed for path
[0627/080751:WARNING:quota_manager.cc(1833)] Create directory failed for path
[0627/083751:WARNING:quota_manager.cc(1833)] Create directory failed for path
[0627/090751:WARNING:quota_manager.cc(1833)] Create directory failed for path
[0627/093751:WARNING:quota_manager.cc(1833)] Create directory failed for path
[0627/100751:WARNING:quota_manager.cc(1833)] Create directory failed for path
[0627/103751:WARNING:quota_manager.cc(1833)] Create directory failed for path
[0627/110751:WARNING:quota_manager.cc(1833)] Create directory failed for path
[0627/113751:WARNING:quota_manager.cc(1833)] Create directory failed for path
[0627/120751:WARNING:quota_manager.cc(1833)] Create directory failed for path
[0627/123751:WARNING:quota_manager.cc(1833)] Create directory failed for path
[0627/130751:WARNING:quota_manager.cc(1833)] Create directory failed for path
[0627/133751:WARNING:quota_manager.cc(1833)] Create directory failed for path
[0627/140751:WARNING:quota_manager.cc(1833)] Create directory failed for path
[0627/143751:WARNING:quota_manager.cc(1833)] Create directory failed for path
[0627/150751:WARNING:quota_manager.cc(1833)] Create directory failed for path
[0627/153751:WARNING:quota_manager.cc(1833)] Create directory failed for path
[0627/160751:WARNING:quota_manager.cc(1833)] Create directory failed for path
[0627/163751:WARNING:quota_manager.cc(1833)] Create directory failed for path
[0627/170751:WARNING:quota_manager.cc(1833)] Create directory failed for path
[0627/173751:WARNING:quota_manager.cc(1833)] Create directory failed for path
[0627/180752:WARNING:quota_manager.cc(1833)] Create directory failed for path
[0627/183752:WARNING:quota_manager.cc(1833)] Create directory failed for path
[0627/190752:WARNING:quota_manager.cc(1833)] Create directory failed for path
[0627/193752:WARNING:quota_manager.cc(1833)] Create directory failed for path
[0627/200752:WARNING:quota_manager.cc(1833)] Create directory failed for path
[0627/203752:WARNING:quota_manager.cc(1833)] Create directory failed for path
[0627/210752:WARNING:quota_manager.cc(1833)] Create directory failed for path
[0627/213752:WARNING:quota_manager.cc(1833)] Create directory failed for path
[0627/220752:WARNING:quota_manager.cc(1833)] Create directory failed for path
[0627/221615:WARNING:dns_config_service_win.cc(674)] Failed to read DnsConfig.
[0627/221615:WARNING:dns_config_service_win.cc(674)] Failed to read DnsConfig.
[0627/223752:WARNING:quota_manager.cc(1833)] Create directory failed for path
[0627/230752:WARNING:quota_manager.cc(1833)] Create directory failed for path
[0627/233752:WARNING:quota_manager.cc(1833)] Create directory failed for path
[0628/000752:WARNING:quota_manager.cc(1833)] Create directory failed for path
[0628/003752:WARNING:quota_manager.cc(1833)] Create directory failed for path
[0628/010752:WARNING:quota_manager.cc(1833)] Create directory failed for path
[0628/013752:WARNING:quota_manager.cc(1833)] Create directory failed for path
[0628/020752:WARNING:quota_manager.cc(1833)] Create directory failed for path
[0628/023752:WARNING:quota_manager.cc(1833)] Create directory failed for path
[0628/030752:WARNING:quota_manager.cc(1833)] Create directory failed for path
[0628/033752:WARNING:quota_manager.cc(1833)] Create directory failed for path
[0628/040752:WARNING:quota_manager.cc(1833)] Create directory failed for path
[0628/043753:WARNING:quota_manager.cc(1833)] Create directory failed for path
[0628/050753:WARNING:quota_manager.cc(1833)] Create directory failed for path
[0628/053753:WARNING:quota_manager.cc(1833)] Create directory failed for path
[0628/060753:WARNING:quota_manager.cc(1833)] Create directory failed for path
[0628/063753:WARNING:quota_manager.cc(1833)] Create directory failed for path
[0628/070753:WARNING:quota_manager.cc(1833)] Create directory failed for path
[0628/073753:WARNING:quota_manager.cc(1833)] Create directory failed for path
[0628/080753:WARNING:quota_manager.cc(1833)] Create directory failed for path
[0628/083753:WARNING:quota_manager.cc(1833)] Create directory failed for path
[0628/090753:WARNING:quota_manager.cc(1833)] Create directory failed for path
[0628/093753:WARNING:quota_manager.cc(1833)] Create directory failed for path
[0628/100741:INFO:exception_record.cc(518)] [QB]Process ID: 78492 Type: 2
[0628/100753:WARNING:quota_manager.cc(1833)] Create directory failed for path
[0628/103753:WARNING:quota_manager.cc(1833)] Create directory failed for path
[0628/110753:WARNING:quota_manager.cc(1833)] Create directory failed for path
[0628/113753:WARNING:quota_manager.cc(1833)] Create directory failed for path
[0628/120753:WARNING:quota_manager.cc(1833)] Create directory failed for path
[0628/123753:WARNING:quota_manager.cc(1833)] Create directory failed for path
[0628/130753:WARNING:quota_manager.cc(1833)] Create directory failed for path
[0628/133753:WARNING:quota_manager.cc(1833)] Create directory failed for path
[0628/140753:WARNING:quota_manager.cc(1833)] Create directory failed for path
[0628/143753:WARNING:quota_manager.cc(1833)] Create directory failed for path
[0628/145445:INFO:exception_record.cc(518)] [QB]Process ID: 80944 Type: 2
[0628/145451:WARNING:webmediaplayer_impl.cc(341)] Using MultibufferDataSource
[0628/145451:WARNING:webmediaplayer_impl.cc(341)] Using MultibufferDataSource
[0628/145729:WARNING:webmediaplayer_impl.cc(341)] Using MultibufferDataSource
[0628/145737:WARNING:webmediaplayer_impl.cc(341)] Using MultibufferDataSource
[0628/145739:ERROR:ffmpeg_demuxer.cc(1510)] media::FFmpegDemuxer::OnReadFrameDone result=-541478725 IsMaxMemoryUsageReached=0
[0628/150146:WARNING:webmediaplayer_impl.cc(341)] Using MultibufferDataSource
[0628/150146:WARNING:webmediaplayer_impl.cc(341)] Using MultibufferDataSource
[0628/150754:WARNING:quota_manager.cc(1833)] Create directory failed for path
[0628/153754:WARNING:quota_manager.cc(1833)] Create directory failed for path
[0628/160754:WARNING:quota_manager.cc(1833)] Create directory failed for path
[0628/163754:WARNING:quota_manager.cc(1833)] Create directory failed for path
[0628/170754:WARNING:quota_manager.cc(1833)] Create directory failed for path
[0628/173754:WARNING:quota_manager.cc(1833)] Create directory failed for path
[0628/174355:INFO:exception_record.cc(518)] [QB]Process ID: 83712 Type: 2
[0628/180754:WARNING:quota_manager.cc(1833)] Create directory failed for path
[0628/183754:WARNING:quota_manager.cc(1833)] Create directory failed for path
[0628/190754:WARNING:quota_manager.cc(1833)] Create directory failed for path
[0628/193754:WARNING:quota_manager.cc(1833)] Create directory failed for path
[0628/200754:WARNING:quota_manager.cc(1833)] Create directory failed for path
[0628/203754:WARNING:quota_manager.cc(1833)] Create directory failed for path
[0628/210754:WARNING:quota_manager.cc(1833)] Create directory failed for path
[0628/213754:WARNING:quota_manager.cc(1833)] Create directory failed for path
[0628/220754:WARNING:quota_manager.cc(1833)] Create directory failed for path
[0628/223754:WARNING:quota_manager.cc(1833)] Create directory failed for path
[0628/230754:WARNING:quota_manager.cc(1833)] Create directory failed for path
[0628/233754:WARNING:quota_manager.cc(1833)] Create directory failed for path
[0629/000754:WARNING:quota_manager.cc(1833)] Create directory failed for path
[0629/003754:WARNING:quota_manager.cc(1833)] Create directory failed for path
[0629/010755:WARNING:quota_manager.cc(1833)] Create directory failed for path
[0629/013755:WARNING:quota_manager.cc(1833)] Create directory failed for path
[0629/020755:WARNING:quota_manager.cc(1833)] Create directory failed for path
[0629/023755:WARNING:quota_manager.cc(1833)] Create directory failed for path
[0629/030755:WARNING:quota_manager.cc(1833)] Create directory failed for path
[0629/033755:WARNING:quota_manager.cc(1833)] Create directory failed for path
[0629/040755:WARNING:quota_manager.cc(1833)] Create directory failed for path
[0629/043755:WARNING:quota_manager.cc(1833)] Create directory failed for path
[0629/050755:WARNING:quota_manager.cc(1833)] Create directory failed for path
[0629/053755:WARNING:quota_manager.cc(1833)] Create directory failed for path
[0629/060755:WARNING:quota_manager.cc(1833)] Create directory failed for path
[0629/063755:WARNING:quota_manager.cc(1833)] Create directory failed for path
[0629/070755:WARNING:quota_manager.cc(1833)] Create directory failed for path
[0629/073755:WARNING:quota_manager.cc(1833)] Create directory failed for path
[0629/080755:WARNING:quota_manager.cc(1833)] Create directory failed for path
[0629/083755:WARNING:quota_manager.cc(1833)] Create directory failed for path
[0629/090755:WARNING:quota_manager.cc(1833)] Create directory failed for path
[0629/093755:WARNING:quota_manager.cc(1833)] Create directory failed for path
[0629/100755:WARNING:quota_manager.cc(1833)] Create directory failed for path
[0629/103755:WARNING:quota_manager.cc(1833)] Create directory failed for path
[0629/110755:WARNING:quota_manager.cc(1833)] Create directory failed for path
[0629/113756:WARNING:quota_manager.cc(1833)] Create directory failed for path
[0629/120756:WARNING:quota_manager.cc(1833)] Create directory failed for path
[0629/123756:WARNING:quota_manager.cc(1833)] Create directory failed for path
[0629/130756:WARNING:quota_manager.cc(1833)] Create directory failed for path
[0629/133756:WARNING:quota_manager.cc(1833)] Create directory failed for path
[0629/140756:WARNING:quota_manager.cc(1833)] Create directory failed for path
[0629/143756:WARNING:quota_manager.cc(1833)] Create directory failed for path
[0629/150756:WARNING:quota_manager.cc(1833)] Create directory failed for path
[0629/153756:WARNING:quota_manager.cc(1833)] Create directory failed for path
[0629/160756:WARNING:quota_manager.cc(1833)] Create directory failed for path
[0629/163756:WARNING:quota_manager.cc(1833)] Create directory failed for path
[0629/165923:ERROR:tcp_socket_win.cc(806)] connect failed: 10055
[0629/165923:WARNING:net_errors_win.cc(119)] Unknown error 10055 mapped to net::ERR_FAILED
[0629/170756:WARNING:quota_manager.cc(1833)] Create directory failed for path
[0629/172923:ERROR:tcp_socket_win.cc(806)] connect failed: 10055
[0629/172923:WARNING:net_errors_win.cc(119)] Unknown error 10055 mapped to net::ERR_FAILED
[0629/173756:WARNING:quota_manager.cc(1833)] Create directory failed for path
[0629/175923:ERROR:tcp_socket_win.cc(806)] connect failed: 10055
[0629/175923:WARNING:net_errors_win.cc(119)] Unknown error 10055 mapped to net::ERR_FAILED
[0629/180756:WARNING:quota_manager.cc(1833)] Create directory failed for path
[0629/182923:ERROR:tcp_socket_win.cc(806)] connect failed: 10055
[0629/182923:WARNING:net_errors_win.cc(119)] Unknown error 10055 mapped to net::ERR_FAILED
[0629/183756:WARNING:quota_manager.cc(1833)] Create directory failed for path
[0629/185923:ERROR:tcp_socket_win.cc(806)] connect failed: 10055
[0629/185923:WARNING:net_errors_win.cc(119)] Unknown error 10055 mapped to net::ERR_FAILED
[0629/190756:WARNING:quota_manager.cc(1833)] Create directory failed for path
[0629/192924:ERROR:tcp_socket_win.cc(806)] connect failed: 10055
[0629/192924:WARNING:net_errors_win.cc(119)] Unknown error 10055 mapped to net::ERR_FAILED
[0629/193756:WARNING:quota_manager.cc(1833)] Create directory failed for path
[0629/195924:ERROR:tcp_socket_win.cc(806)] connect failed: 10055
[0629/195924:WARNING:net_errors_win.cc(119)] Unknown error 10055 mapped to net::ERR_FAILED
[0629/200756:WARNING:quota_manager.cc(1833)] Create directory failed for path
[0629/202924:ERROR:tcp_socket_win.cc(806)] connect failed: 10055
[0629/202924:WARNING:net_errors_win.cc(119)] Unknown error 10055 mapped to net::ERR_FAILED
[0629/203756:WARNING:quota_manager.cc(1833)] Create directory failed for path
[0629/205924:ERROR:tcp_socket_win.cc(806)] connect failed: 10055
[0629/205924:WARNING:net_errors_win.cc(119)] Unknown error 10055 mapped to net::ERR_FAILED
[0629/210756:WARNING:quota_manager.cc(1833)] Create directory failed for path
[0629/212924:ERROR:tcp_socket_win.cc(806)] connect failed: 10055
[0629/212924:WARNING:net_errors_win.cc(119)] Unknown error 10055 mapped to net::ERR_FAILED
[0629/213757:WARNING:quota_manager.cc(1833)] Create directory failed for path
[0629/215924:ERROR:tcp_socket_win.cc(806)] connect failed: 10055
[0629/215924:WARNING:net_errors_win.cc(119)] Unknown error 10055 mapped to net::ERR_FAILED
[0629/220757:WARNING:quota_manager.cc(1833)] Create directory failed for path
[0629/222924:ERROR:tcp_socket_win.cc(806)] connect failed: 10055
[0629/222924:WARNING:net_errors_win.cc(119)] Unknown error 10055 mapped to net::ERR_FAILED
[0629/223757:WARNING:quota_manager.cc(1833)] Create directory failed for path
[0629/225924:ERROR:tcp_socket_win.cc(806)] connect failed: 10055
[0629/225924:WARNING:net_errors_win.cc(119)] Unknown error 10055 mapped to net::ERR_FAILED
[0629/230757:WARNING:quota_manager.cc(1833)] Create directory failed for path
[0629/232924:ERROR:tcp_socket_win.cc(806)] connect failed: 10055
[0629/232924:WARNING:net_errors_win.cc(119)] Unknown error 10055 mapped to net::ERR_FAILED
[0629/233757:WARNING:quota_manager.cc(1833)] Create directory failed for path
[0629/235925:ERROR:tcp_socket_win.cc(806)] connect failed: 10055
[0629/235925:WARNING:net_errors_win.cc(119)] Unknown error 10055 mapped to net::ERR_FAILED
[0630/000757:WARNING:quota_manager.cc(1833)] Create directory failed for path
[0630/002925:ERROR:tcp_socket_win.cc(806)] connect failed: 10055
[0630/002925:WARNING:net_errors_win.cc(119)] Unknown error 10055 mapped to net::ERR_FAILED
[0630/003757:WARNING:quota_manager.cc(1833)] Create directory failed for path
[0630/005925:ERROR:tcp_socket_win.cc(806)] connect failed: 10055
[0630/005925:WARNING:net_errors_win.cc(119)] Unknown error 10055 mapped to net::ERR_FAILED
[0630/010757:WARNING:quota_manager.cc(1833)] Create directory failed for path
[0630/012925:ERROR:tcp_socket_win.cc(806)] connect failed: 10055
[0630/012925:WARNING:net_errors_win.cc(119)] Unknown error 10055 mapped to net::ERR_FAILED
[0630/013757:WARNING:quota_manager.cc(1833)] Create directory failed for path
[0630/015925:ERROR:tcp_socket_win.cc(806)] connect failed: 10055
[0630/015925:WARNING:net_errors_win.cc(119)] Unknown error 10055 mapped to net::ERR_FAILED
[0630/020757:WARNING:quota_manager.cc(1833)] Create directory failed for path
[0630/022925:ERROR:tcp_socket_win.cc(806)] connect failed: 10055
[0630/022925:WARNING:net_errors_win.cc(119)] Unknown error 10055 mapped to net::ERR_FAILED
[0630/023757:WARNING:quota_manager.cc(1833)] Create directory failed for path
[0630/025925:ERROR:tcp_socket_win.cc(806)] connect failed: 10055
[0630/025925:WARNING:net_errors_win.cc(119)] Unknown error 10055 mapped to net::ERR_FAILED
[0630/030757:WARNING:quota_manager.cc(1833)] Create directory failed for path
[0630/032925:ERROR:tcp_socket_win.cc(806)] connect failed: 10055
[0630/032925:WARNING:net_errors_win.cc(119)] Unknown error 10055 mapped to net::ERR_FAILED
[0630/033757:WARNING:quota_manager.cc(1833)] Create directory failed for path
[0630/035925:ERROR:tcp_socket_win.cc(806)] connect failed: 10055
[0630/035925:WARNING:net_errors_win.cc(119)] Unknown error 10055 mapped to net::ERR_FAILED
[0630/040757:WARNING:quota_manager.cc(1833)] Create directory failed for path
[0630/042926:ERROR:tcp_socket_win.cc(806)] connect failed: 10055
[0630/042926:WARNING:net_errors_win.cc(119)] Unknown error 10055 mapped to net::ERR_FAILED
[0630/043757:WARNING:quota_manager.cc(1833)] Create directory failed for path
[0630/045926:ERROR:tcp_socket_win.cc(806)] connect failed: 10055
[0630/045926:WARNING:net_errors_win.cc(119)] Unknown error 10055 mapped to net::ERR_FAILED
[0630/050757:WARNING:quota_manager.cc(1833)] Create directory failed for path
[0630/052926:ERROR:tcp_socket_win.cc(806)] connect failed: 10055
[0630/052926:WARNING:net_errors_win.cc(119)] Unknown error 10055 mapped to net::ERR_FAILED
[0630/053757:WARNING:quota_manager.cc(1833)] Create directory failed for path
[0630/055926:ERROR:tcp_socket_win.cc(806)] connect failed: 10055
[0630/055926:WARNING:net_errors_win.cc(119)] Unknown error 10055 mapped to net::ERR_FAILED
[0630/060757:WARNING:quota_manager.cc(1833)] Create directory failed for path
[0630/062926:ERROR:tcp_socket_win.cc(806)] connect failed: 10055
[0630/062926:WARNING:net_errors_win.cc(119)] Unknown error 10055 mapped to net::ERR_FAILED
[0630/063757:WARNING:quota_manager.cc(1833)] Create directory failed for path
[0630/065926:ERROR:tcp_socket_win.cc(806)] connect failed: 10055
[0630/065926:WARNING:net_errors_win.cc(119)] Unknown error 10055 mapped to net::ERR_FAILED
[0630/070757:WARNING:quota_manager.cc(1833)] Create directory failed for path
[0630/072926:ERROR:tcp_socket_win.cc(806)] connect failed: 10055
[0630/072926:WARNING:net_errors_win.cc(119)] Unknown error 10055 mapped to net::ERR_FAILED
[0630/073757:WARNING:quota_manager.cc(1833)] Create directory failed for path
[0630/075927:ERROR:tcp_socket_win.cc(806)] connect failed: 10055
[0630/075927:WARNING:net_errors_win.cc(119)] Unknown error 10055 mapped to net::ERR_FAILED
[0630/080758:WARNING:quota_manager.cc(1833)] Create directory failed for path
[0630/082927:ERROR:tcp_socket_win.cc(806)] connect failed: 10055
[0630/082927:WARNING:net_errors_win.cc(119)] Unknown error 10055 mapped to net::ERR_FAILED
[0630/083758:WARNING:quota_manager.cc(1833)] Create directory failed for path
[0630/085927:ERROR:tcp_socket_win.cc(806)] connect failed: 10055
[0630/085927:WARNING:net_errors_win.cc(119)] Unknown error 10055 mapped to net::ERR_FAILED
[0630/090758:WARNING:quota_manager.cc(1833)] Create directory failed for path
[0630/092927:ERROR:tcp_socket_win.cc(806)] connect failed: 10055
[0630/092927:WARNING:net_errors_win.cc(119)] Unknown error 10055 mapped to net::ERR_FAILED
[0630/093758:WARNING:quota_manager.cc(1833)] Create directory failed for path
[0630/095927:ERROR:tcp_socket_win.cc(806)] connect failed: 10055
[0630/095927:WARNING:net_errors_win.cc(119)] Unknown error 10055 mapped to net::ERR_FAILED
[0630/100758:WARNING:quota_manager.cc(1833)] Create directory failed for path
[0630/102927:ERROR:tcp_socket_win.cc(806)] connect failed: 10055
[0630/102927:WARNING:net_errors_win.cc(119)] Unknown error 10055 mapped to net::ERR_FAILED
[0630/103758:WARNING:quota_manager.cc(1833)] Create directory failed for path
[0630/105928:ERROR:tcp_socket_win.cc(806)] connect failed: 10055
[0630/105928:WARNING:net_errors_win.cc(119)] Unknown error 10055 mapped to net::ERR_FAILED
[0630/110758:WARNING:quota_manager.cc(1833)] Create directory failed for path
[0630/112928:ERROR:tcp_socket_win.cc(806)] connect failed: 10055
[0630/112928:WARNING:net_errors_win.cc(119)] Unknown error 10055 mapped to net::ERR_FAILED
[0630/113758:WARNING:quota_manager.cc(1833)] Create directory failed for path
[0630/115928:ERROR:tcp_socket_win.cc(806)] connect failed: 10055
[0630/115928:WARNING:net_errors_win.cc(119)] Unknown error 10055 mapped to net::ERR_FAILED
[0630/120758:WARNING:quota_manager.cc(1833)] Create directory failed for path
[0630/122928:ERROR:tcp_socket_win.cc(806)] connect failed: 10055
[0630/122928:WARNING:net_errors_win.cc(119)] Unknown error 10055 mapped to net::ERR_FAILED
[0630/123758:WARNING:quota_manager.cc(1833)] Create directory failed for path
[0630/125928:ERROR:tcp_socket_win.cc(806)] connect failed: 10055
[0630/125928:WARNING:net_errors_win.cc(119)] Unknown error 10055 mapped to net::ERR_FAILED
[0630/130758:WARNING:quota_manager.cc(1833)] Create directory failed for path
[0630/132928:ERROR:tcp_socket_win.cc(806)] connect failed: 10055
[0630/132928:WARNING:net_errors_win.cc(119)] Unknown error 10055 mapped to net::ERR_FAILED
[0630/133758:WARNING:quota_manager.cc(1833)] Create directory failed for path
[0630/135928:ERROR:tcp_socket_win.cc(806)] connect failed: 10055
[0630/135928:WARNING:net_errors_win.cc(119)] Unknown error 10055 mapped to net::ERR_FAILED
[0630/140758:WARNING:quota_manager.cc(1833)] Create directory failed for path
[0630/142928:ERROR:tcp_socket_win.cc(806)] connect failed: 10055
[0630/142928:WARNING:net_errors_win.cc(119)] Unknown error 10055 mapped to net::ERR_FAILED
[0630/143758:WARNING:quota_manager.cc(1833)] Create directory failed for path
[0630/145928:ERROR:tcp_socket_win.cc(806)] connect failed: 10055
[0630/145928:WARNING:net_errors_win.cc(119)] Unknown error 10055 mapped to net::ERR_FAILED
[0630/150758:WARNING:quota_manager.cc(1833)] Create directory failed for path
[0630/152929:ERROR:tcp_socket_win.cc(806)] connect failed: 10055
[0630/152929:WARNING:net_errors_win.cc(119)] Unknown error 10055 mapped to net::ERR_FAILED
[0630/153758:WARNING:quota_manager.cc(1833)] Create directory failed for path
[0630/155929:ERROR:tcp_socket_win.cc(806)] connect failed: 10055
[0630/155929:WARNING:net_errors_win.cc(119)] Unknown error 10055 mapped to net::ERR_FAILED
[0630/160758:WARNING:quota_manager.cc(1833)] Create directory failed for path
[0630/162929:ERROR:tcp_socket_win.cc(806)] connect failed: 10055
[0630/162929:WARNING:net_errors_win.cc(119)] Unknown error 10055 mapped to net::ERR_FAILED
[0630/163758:WARNING:quota_manager.cc(1833)] Create directory failed for path
[0630/165929:ERROR:tcp_socket_win.cc(806)] connect failed: 10055
[0630/165929:WARNING:net_errors_win.cc(119)] Unknown error 10055 mapped to net::ERR_FAILED
[0630/170758:WARNING:quota_manager.cc(1833)] Create directory failed for path
[0630/172929:ERROR:tcp_socket_win.cc(806)] connect failed: 10055
[0630/172929:WARNING:net_errors_win.cc(119)] Unknown error 10055 mapped to net::ERR_FAILED
[0630/173758:WARNING:quota_manager.cc(1833)] Create directory failed for path
[0630/175929:ERROR:tcp_socket_win.cc(806)] connect failed: 10055
[0630/175929:WARNING:net_errors_win.cc(119)] Unknown error 10055 mapped to net::ERR_FAILED
[0630/180759:WARNING:quota_manager.cc(1833)] Create directory failed for path
[0630/182929:ERROR:tcp_socket_win.cc(806)] connect failed: 10055
[0630/182929:WARNING:net_errors_win.cc(119)] Unknown error 10055 mapped to net::ERR_FAILED
[0630/183759:WARNING:quota_manager.cc(1833)] Create directory failed for path
[0630/185929:ERROR:tcp_socket_win.cc(806)] connect failed: 10055
[0630/185929:WARNING:net_errors_win.cc(119)] Unknown error 10055 mapped to net::ERR_FAILED
[0630/190759:WARNING:quota_manager.cc(1833)] Create directory failed for path
[0630/192929:ERROR:tcp_socket_win.cc(806)] connect failed: 10055
[0630/192929:WARNING:net_errors_win.cc(119)] Unknown error 10055 mapped to net::ERR_FAILED
[0630/193759:WARNING:quota_manager.cc(1833)] Create directory failed for path
[0630/195930:ERROR:tcp_socket_win.cc(806)] connect failed: 10055
[0630/195930:WARNING:net_errors_win.cc(119)] Unknown error 10055 mapped to net::ERR_FAILED
[0630/200759:WARNING:quota_manager.cc(1833)] Create directory failed for path
[0630/202930:ERROR:tcp_socket_win.cc(806)] connect failed: 10055
[0630/202930:WARNING:net_errors_win.cc(119)] Unknown error 10055 mapped to net::ERR_FAILED
[0630/203759:WARNING:quota_manager.cc(1833)] Create directory failed for path
[0630/205930:ERROR:tcp_socket_win.cc(806)] connect failed: 10055
[0630/205930:WARNING:net_errors_win.cc(119)] Unknown error 10055 mapped to net::ERR_FAILED
[0630/210759:WARNING:quota_manager.cc(1833)] Create directory failed for path
[0630/212930:ERROR:tcp_socket_win.cc(806)] connect failed: 10055
[0630/212930:WARNING:net_errors_win.cc(119)] Unknown error 10055 mapped to net::ERR_FAILED
[0630/213759:WARNING:quota_manager.cc(1833)] Create directory failed for path
[0630/215930:ERROR:tcp_socket_win.cc(806)] connect failed: 10055
[0630/215930:WARNING:net_errors_win.cc(119)] Unknown error 10055 mapped to net::ERR_FAILED
[0630/220759:WARNING:quota_manager.cc(1833)] Create directory failed for path
[0630/222930:ERROR:tcp_socket_win.cc(806)] connect failed: 10055
[0630/222930:WARNING:net_errors_win.cc(119)] Unknown error 10055 mapped to net::ERR_FAILED
[0630/223759:WARNING:quota_manager.cc(1833)] Create directory failed for path
[0630/225930:ERROR:tcp_socket_win.cc(806)] connect failed: 10055
[0630/225930:WARNING:net_errors_win.cc(119)] Unknown error 10055 mapped to net::ERR_FAILED
[0630/230759:WARNING:quota_manager.cc(1833)] Create directory failed for path
[0630/232931:ERROR:tcp_socket_win.cc(806)] connect failed: 10055
[0630/232931:WARNING:net_errors_win.cc(119)] Unknown error 10055 mapped to net::ERR_FAILED
[0630/233759:WARNING:quota_manager.cc(1833)] Create directory failed for path
[0630/235931:ERROR:tcp_socket_win.cc(806)] connect failed: 10055
[0630/235931:WARNING:net_errors_win.cc(119)] Unknown error 10055 mapped to net::ERR_FAILED
[0701/000759:WARNING:quota_manager.cc(1833)] Create directory failed for path
[0701/002831:ERROR:tcp_socket_win.cc(806)] connect failed: 10055
[0701/002831:WARNING:net_errors_win.cc(119)] Unknown error 10055 mapped to net::ERR_FAILED
[0701/003659:WARNING:quota_manager.cc(1833)] Create directory failed for path
[0701/005831:ERROR:tcp_socket_win.cc(806)] connect failed: 10055
[0701/005831:WARNING:net_errors_win.cc(119)] Unknown error 10055 mapped to net::ERR_FAILED
[0701/010659:WARNING:quota_manager.cc(1833)] Create directory failed for path
[0701/012831:ERROR:tcp_socket_win.cc(806)] connect failed: 10055
[0701/012831:WARNING:net_errors_win.cc(119)] Unknown error 10055 mapped to net::ERR_FAILED
[0701/013659:WARNING:quota_manager.cc(1833)] Create directory failed for path
[0701/015831:ERROR:tcp_socket_win.cc(806)] connect failed: 10055
[0701/015831:WARNING:net_errors_win.cc(119)] Unknown error 10055 mapped to net::ERR_FAILED
[0701/020659:WARNING:quota_manager.cc(1833)] Create directory failed for path
[0701/022831:ERROR:tcp_socket_win.cc(806)] connect failed: 10055
[0701/022831:WARNING:net_errors_win.cc(119)] Unknown error 10055 mapped to net::ERR_FAILED
[0701/023659:WARNING:quota_manager.cc(1833)] Create directory failed for path
[0701/025831:ERROR:tcp_socket_win.cc(806)] connect failed: 10055
[0701/025831:WARNING:net_errors_win.cc(119)] Unknown error 10055 mapped to net::ERR_FAILED
[0701/030659:WARNING:quota_manager.cc(1833)] Create directory failed for path
[0701/032832:ERROR:tcp_socket_win.cc(806)] connect failed: 10055
[0701/032832:WARNING:net_errors_win.cc(119)] Unknown error 10055 mapped to net::ERR_FAILED
[0701/033659:WARNING:quota_manager.cc(1833)] Create directory failed for path
[0701/035832:ERROR:tcp_socket_win.cc(806)] connect failed: 10055
[0701/035832:WARNING:net_errors_win.cc(119)] Unknown error 10055 mapped to net::ERR_FAILED
[0701/040659:WARNING:quota_manager.cc(1833)] Create directory failed for path
[0701/042832:ERROR:tcp_socket_win.cc(806)] connect failed: 10055
[0701/042832:WARNING:net_errors_win.cc(119)] Unknown error 10055 mapped to net::ERR_FAILED
[0701/043659:WARNING:quota_manager.cc(1833)] Create directory failed for path
[0701/045832:ERROR:tcp_socket_win.cc(806)] connect failed: 10055
[0701/045832:WARNING:net_errors_win.cc(119)] Unknown error 10055 mapped to net::ERR_FAILED
[0701/050700:WARNING:quota_manager.cc(1833)] Create directory failed for path
[0701/052832:ERROR:tcp_socket_win.cc(806)] connect failed: 10055
[0701/052832:WARNING:net_errors_win.cc(119)] Unknown error 10055 mapped to net::ERR_FAILED
[0701/053700:WARNING:quota_manager.cc(1833)] Create directory failed for path
[0701/055832:ERROR:tcp_socket_win.cc(806)] connect failed: 10055
[0701/055832:WARNING:net_errors_win.cc(119)] Unknown error 10055 mapped to net::ERR_FAILED
[0701/060700:WARNING:quota_manager.cc(1833)] Create directory failed for path
[0701/062832:ERROR:tcp_socket_win.cc(806)] connect failed: 10055
[0701/062832:WARNING:net_errors_win.cc(119)] Unknown error 10055 mapped to net::ERR_FAILED
[0701/063700:WARNING:quota_manager.cc(1833)] Create directory failed for path
[0701/065832:ERROR:tcp_socket_win.cc(806)] connect failed: 10055
[0701/065832:WARNING:net_errors_win.cc(119)] Unknown error 10055 mapped to net::ERR_FAILED
[0701/070700:WARNING:quota_manager.cc(1833)] Create directory failed for path
[0701/072833:ERROR:tcp_socket_win.cc(806)] connect failed: 10055
[0701/072833:WARNING:net_errors_win.cc(119)] Unknown error 10055 mapped to net::ERR_FAILED
[0701/073700:WARNING:quota_manager.cc(1833)] Create directory failed for path
[0701/075833:ERROR:tcp_socket_win.cc(806)] connect failed: 10055
[0701/075833:WARNING:net_errors_win.cc(119)] Unknown error 10055 mapped to net::ERR_FAILED
[0701/080700:WARNING:quota_manager.cc(1833)] Create directory failed for path
[0701/082833:ERROR:tcp_socket_win.cc(806)] connect failed: 10055
[0701/082833:WARNING:net_errors_win.cc(119)] Unknown error 10055 mapped to net::ERR_FAILED
[0701/083700:WARNING:quota_manager.cc(1833)] Create directory failed for path
[0701/085833:ERROR:tcp_socket_win.cc(806)] connect failed: 10055
[0701/085833:WARNING:net_errors_win.cc(119)] Unknown error 10055 mapped to net::ERR_FAILED
[0701/090700:WARNING:quota_manager.cc(1833)] Create directory failed for path
[0701/092833:ERROR:tcp_socket_win.cc(806)] connect failed: 10055
[0701/092833:WARNING:net_errors_win.cc(119)] Unknown error 10055 mapped to net::ERR_FAILED
[0701/093700:WARNING:quota_manager.cc(1833)] Create directory failed for path
[0701/095833:ERROR:tcp_socket_win.cc(806)] connect failed: 10055
[0701/095833:WARNING:net_errors_win.cc(119)] Unknown error 10055 mapped to net::ERR_FAILED
[0813/184729:INFO:exception_record.cc(518)] [QB]Process ID: 14056 Type: 2
[0813/184734:WARNING:webmediaplayer_impl.cc(341)] Using MultibufferDataSource
[0813/184734:ERROR:ffmpeg_demuxer.cc(1510)] media::FFmpegDemuxer::OnReadFrameDone result=-541478725 IsMaxMemoryUsageReached=0
[0813/184734:WARNING:webmediaplayer_impl.cc(341)] Using MultibufferDataSource
[0815/214344:WARNING:dns_config_service_win.cc(674)] Failed to read DnsConfig.
[0815/214344:WARNING:dns_config_service_win.cc(674)] Failed to read DnsConfig.
[0816/171018:INFO:exception_record.cc(518)] [QB]Process ID: 872 Type: 2
[0816/171022:WARNING:webmediaplayer_impl.cc(341)] Using MultibufferDataSource
[0816/171022:ERROR:ffmpeg_demuxer.cc(1510)] media::FFmpegDemuxer::OnReadFrameDone result=-541478725 IsMaxMemoryUsageReached=0
[0816/172750:INFO:exception_record.cc(518)] [QB]Process ID: 16728 Type: 2
[0819/094344:WARNING:dns_config_service_win.cc(674)] Failed to read DnsConfig.
[0819/094344:WARNING:dns_config_service_win.cc(674)] Failed to read DnsConfig.
[0819/170029:INFO:exception_record.cc(518)] [QB]Process ID: 13180 Type: 2
[0820/095709:INFO:exception_record.cc(518)] [QB]Process ID: 13160 Type: 2
[0821/150824:INFO:exception_record.cc(518)] [QB]Process ID: 13620 Type: 2
[0821/150825:WARNING:spdy_session.cc(2455)] Received HEADERS for invalid stream 1
[0821/150825:INFO:exception_record.cc(518)] [QB]Process ID: 19060 Type: 2
[0821/150848:INFO:exception_record.cc(518)] [QB]Process ID: 15500 Type: 2
[0821/151129:INFO:exception_record.cc(518)] [QB]Process ID: 3548 Type: 2
[0821/162745:INFO:exception_record.cc(518)] [QB]Process ID: 1124 Type: 2
[0821/162753:WARNING:webmediaplayer_impl.cc(341)] Using MultibufferDataSource
[0821/170245:INFO:exception_record.cc(518)] [QB]Process ID: 19384 Type: 2
[0822/093653:WARNING:webmediaplayer_impl.cc(341)] Using MultibufferDataSource
[0822/093653:ERROR:ffmpeg_demuxer.cc(1510)] media::FFmpegDemuxer::OnReadFrameDone result=-541478725 IsMaxMemoryUsageReached=0
[0822/132218:WARNING:webmediaplayer_impl.cc(341)] Using MultibufferDataSource
[0822/132218:ERROR:ffmpeg_demuxer.cc(1510)] media::FFmpegDemuxer::OnReadFrameDone result=-541478725 IsMaxMemoryUsageReached=0
[0822/132219:WARNING:webmediaplayer_impl.cc(341)] Using MultibufferDataSource
[0822/132221:WARNING:webmediaplayer_impl.cc(341)] Using MultibufferDataSource
[0822/132233:ERROR:ffmpeg_demuxer.cc(1510)] media::FFmpegDemuxer::OnReadFrameDone result=-541478725 IsMaxMemoryUsageReached=0
[0822/132248:ERROR:ffmpeg_demuxer.cc(1510)] media::FFmpegDemuxer::OnReadFrameDone result=-541478725 IsMaxMemoryUsageReached=0
[0822/214344:WARNING:dns_config_service_win.cc(674)] Failed to read DnsConfig.
[0822/214344:WARNING:dns_config_service_win.cc(674)] Failed to read DnsConfig.
[0823/110701:INFO:exception_record.cc(518)] [QB]Process ID: 19588 Type: 2
[0823/110708:WARNING:webmediaplayer_impl.cc(341)] Using MultibufferDataSource
[0823/110709:WARNING:webmediaplayer_impl.cc(341)] Using MultibufferDataSource
[0823/110709:ERROR:ffmpeg_demuxer.cc(1510)] media::FFmpegDemuxer::OnReadFrameDone result=-541478725 IsMaxMemoryUsageReached=0
[0823/110709:ERROR:ffmpeg_demuxer.cc(1510)] media::FFmpegDemuxer::OnReadFrameDone result=-541478725 IsMaxMemoryUsageReached=0
[0823/164205:INFO:exception_record.cc(518)] [QB]Process ID: 20004 Type: 2
[0823/164221:WARNING:webmediaplayer_impl.cc(341)] Using MultibufferDataSource
[0823/164221:ERROR:ffmpeg_demuxer.cc(1510)] media::FFmpegDemuxer::OnReadFrameDone result=-541478725 IsMaxMemoryUsageReached=0
[0823/164221:WARNING:webmediaplayer_impl.cc(341)] Using MultibufferDataSource
[0823/164224:WARNING:webmediaplayer_impl.cc(341)] Using MultibufferDataSource
[0823/164236:ERROR:ffmpeg_demuxer.cc(1510)] media::FFmpegDemuxer::OnReadFrameDone result=-541478725 IsMaxMemoryUsageReached=0
[0823/164251:ERROR:ffmpeg_demuxer.cc(1510)] media::FFmpegDemuxer::OnReadFrameDone result=-541478725 IsMaxMemoryUsageReached=0
[0826/094345:WARNING:dns_config_service_win.cc(674)] Failed to read DnsConfig.
[0826/094345:WARNING:dns_config_service_win.cc(674)] Failed to read DnsConfig.
[0826/122058:INFO:exception_record.cc(518)] [QB]Process ID: 14300 Type: 2
[0826/122113:INFO:exception_record.cc(518)] [QB]Process ID: 13664 Type: 2
[0826/154647:INFO:exception_record.cc(518)] [QB]Process ID: 13688 Type: 2
[0827/143315:WARNING:dns_config_service_win.cc(674)] Failed to read DnsConfig.
[0827/143329:WARNING:dns_config_service_win.cc(674)] Failed to read DnsConfig.
[0827/143329:WARNING:dns_config_service_win.cc(674)] Failed to read DnsConfig.
[0827/165437:WARNING:spdy_session.cc(2455)] Received HEADERS for invalid stream 3
[0827/165439:WARNING:webmediaplayer_impl.cc(341)] Using MultibufferDataSource
[0827/165439:ERROR:ffmpeg_demuxer.cc(1510)] media::FFmpegDemuxer::OnReadFrameDone result=-541478725 IsMaxMemoryUsageReached=0
[0827/165439:WARNING:webmediaplayer_impl.cc(341)] Using MultibufferDataSource
[0827/165620:WARNING:webmediaplayer_impl.cc(341)] Using MultibufferDataSource
[0827/165620:ERROR:ffmpeg_demuxer.cc(1510)] media::FFmpegDemuxer::OnReadFrameDone result=-541478725 IsMaxMemoryUsageReached=0
